{
  "stats": {
    "suites": 1,
    "tests": 1,
    "passes": 0,
    "pending": 0,
    "failures": 1,
    "start": "2023-02-21T07:54:15.858Z",
    "end": "2023-02-21T07:54:32.203Z",
    "duration": 16345,
    "testsRegistered": 1,
    "passPercent": 0,
    "pendingPercent": 0,
    "other": 0,
    "hasOther": false,
    "skipped": 0,
    "hasSkipped": false
  },
  "results": [
    {
      "uuid": "6a0f782f-49cb-4608-b2aa-88c276362424",
      "title": "",
      "fullFile": "cypress/e2e/login/login.cy.ts",
      "file": "cypress/e2e/login/login.cy.ts",
      "beforeHooks": [],
      "afterHooks": [],
      "tests": [],
      "suites": [
        {
          "uuid": "c6f5ae91-eab0-4b55-aeaf-bfdd8dc53908",
          "title": "Base Screen",
          "fullFile": "",
          "file": "",
          "beforeHooks": [],
          "afterHooks": [],
          "tests": [
            {
              "title": "Should be to load app on home page",
              "fullTitle": "Base Screen Should be to load app on home page",
              "timedOut": null,
              "duration": 8141,
              "state": "failed",
              "speed": null,
              "pass": false,
              "fail": true,
              "pending": false,
              "context": null,
              "code": "cy.children();",
              "err": {
                "message": "TypeError: Timed out retrying after 8000ms: Cannot read properties of undefined (reading 'get')",
                "estack": "TypeError: Timed out retrying after 8000ms: Cannot read properties of undefined (reading 'get')\n    at isElement (http://localhost:3000/__cypress/runner/cypress_runner.js:151998:38)\n    at validateType (http://localhost:3000/__cypress/runner/cypress_runner.js:151842:14)\n    at Object.isType (http://localhost:3000/__cypress/runner/cypress_runner.js:151873:7)\n    at <unknown> (http://localhost:3000/__cypress/runner/cypress_runner.js:141674:24)\n    at Object.subjectFn (http://localhost:3000/__cypress/runner/cypress_runner.js:149847:16)\n    at $Cy.verifyUpcomingAssertions (http://localhost:3000/__cypress/runner/cypress_runner.js:131084:31)\n    at onRetry (http://localhost:3000/__cypress/runner/cypress_runner.js:149838:15)\n    at tryCatcher (http://localhost:3000/__cypress/runner/cypress_runner.js:8914:23)\n    at Promise.attempt.Promise.try (http://localhost:3000/__cypress/runner/cypress_runner.js:6188:29)\n    at whenStable (http://localhost:3000/__cypress/runner/cypress_runner.js:146728:65)\n    at <unknown> (http://localhost:3000/__cypress/runner/cypress_runner.js:146169:14)\n    at tryCatcher (http://localhost:3000/__cypress/runner/cypress_runner.js:8914:23)\n    at Promise._settlePromiseFromHandler (http://localhost:3000/__cypress/runner/cypress_runner.js:6849:31)\n    at Promise._settlePromise (http://localhost:3000/__cypress/runner/cypress_runner.js:6906:18)\n    at Promise._settlePromise0 (http://localhost:3000/__cypress/runner/cypress_runner.js:6951:10)\n    at Promise._settlePromises (http://localhost:3000/__cypress/runner/cypress_runner.js:7031:18)\n    at Promise._fulfill (http://localhost:3000/__cypress/runner/cypress_runner.js:6975:18)\n    at <unknown> (http://localhost:3000/__cypress/runner/cypress_runner.js:8589:46)",
                "diff": null
              },
              "uuid": "3b48c268-444a-4a9e-9619-9ac7a12e96cb",
              "parentUUID": "c6f5ae91-eab0-4b55-aeaf-bfdd8dc53908",
              "isHook": false,
              "skipped": false
            }
          ],
          "suites": [],
          "passes": [],
          "failures": [
            "3b48c268-444a-4a9e-9619-9ac7a12e96cb"
          ],
          "pending": [],
          "skipped": [],
          "duration": 8141,
          "root": false,
          "rootEmpty": false,
          "_timeout": 2000
        }
      ],
      "passes": [],
      "failures": [],
      "pending": [],
      "skipped": [],
      "duration": 0,
      "root": true,
      "rootEmpty": true,
      "_timeout": 2000
    }
  ],
  "meta": {
    "mocha": {
      "version": "7.0.1"
    },
    "mochawesome": {
      "options": {
        "quiet": false,
        "reportFilename": "mochawesome",
        "saveHtml": false,
        "saveJson": true,
        "consoleReporter": "spec",
        "useInlineDiffs": false,
        "code": true
      },
      "version": "7.1.3"
    },
    "marge": {
      "options": {
        "reportDir": "cypress/artifacts/reports",
        "overwrite": false,
        "html": false,
        "json": true,
        "toConsole": true
      },
      "version": "6.2.0"
    }
  }
}