TN:
SF:components/Buttons/index.ts
FN:4,(anonymous_1)
FN:4,(anonymous_2)
FNF:2
FNH:2
FNDA:2,(anonymous_1)
FNDA:4,(anonymous_2)
DA:1,2
DA:2,2
DA:4,4
LF:3
LH:3
BRF:0
BRH:0
end_of_record
TN:
SF:constants/enums.ts
FN:11,(anonymous_1)
FN:11,(anonymous_2)
FN:1,(anonymous_3)
FN:6,(anonymous_4)
FNF:4
FNH:4
FNDA:2,(anonymous_1)
FNDA:1,(anonymous_2)
FNDA:4,(anonymous_3)
FNDA:4,(anonymous_4)
DA:1,4
DA:6,4
DA:11,2
LF:3
LH:3
BRDA:1,0,0,4
BRDA:1,0,1,4
BRDA:6,1,0,4
BRDA:6,1,1,4
BRF:4
BRH:4
end_of_record
TN:
SF:sections/index.ts
FN:6,(anonymous_1)
FN:6,(anonymous_2)
FN:6,(anonymous_3)
FN:6,(anonymous_4)
FNF:4
FNH:1
FNDA:6,(anonymous_1)
FNDA:0,(anonymous_2)
FNDA:0,(anonymous_3)
FNDA:0,(anonymous_4)
DA:1,1
DA:2,1
DA:3,1
DA:4,1
DA:6,6
LF:5
LH:5
BRF:0
BRH:0
end_of_record
TN:
SF:utils/blockchain.ts
FN:185,(anonymous_1)
FN:186,(anonymous_2)
FN:187,(anonymous_3)
FN:188,(anonymous_4)
FN:189,(anonymous_5)
FN:190,(anonymous_6)
FN:191,(anonymous_7)
FN:192,(anonymous_8)
FN:193,(anonymous_9)
FN:16,(anonymous_10)
FN:25,(anonymous_11)
FN:26,(anonymous_12)
FN:34,(anonymous_13)
FN:36,(anonymous_14)
FN:48,(anonymous_15)
FN:61,(anonymous_16)
FN:75,(anonymous_17)
FN:92,(anonymous_18)
FN:113,(anonymous_19)
FN:144,(anonymous_20)
FN:145,(anonymous_21)
FN:155,(anonymous_22)
FNF:22
FNH:16
FNDA:2,(anonymous_1)
FNDA:0,(anonymous_2)
FNDA:0,(anonymous_3)
FNDA:4,(anonymous_4)
FNDA:1,(anonymous_5)
FNDA:1,(anonymous_6)
FNDA:1,(anonymous_7)
FNDA:1,(anonymous_8)
FNDA:1,(anonymous_9)
FNDA:3,(anonymous_10)
FNDA:2,(anonymous_11)
FNDA:8,(anonymous_12)
FNDA:2,(anonymous_13)
FNDA:8,(anonymous_14)
FNDA:1,(anonymous_15)
FNDA:1,(anonymous_16)
FNDA:4,(anonymous_17)
FNDA:2,(anonymous_18)
FNDA:0,(anonymous_19)
FNDA:0,(anonymous_20)
FNDA:0,(anonymous_21)
FNDA:0,(anonymous_22)
DA:16,2
DA:17,3
DA:25,2
DA:26,8
DA:34,2
DA:35,2
DA:36,8
DA:48,2
DA:49,1
DA:61,2
DA:62,1
DA:64,1
DA:65,1
DA:75,2
DA:76,4
DA:77,4
DA:78,4
DA:79,4
DA:80,4
DA:81,4
DA:92,2
DA:97,2
DA:98,2
DA:99,0
DA:101,2
DA:102,2
DA:113,2
DA:118,0
DA:144,2
DA:145,0
DA:155,2
DA:159,0
DA:185,2
DA:186,0
DA:187,0
DA:188,4
DA:189,1
DA:190,1
DA:191,1
DA:192,1
DA:193,1
LF:41
LH:35
BRDA:62,0,0,0
BRDA:62,0,1,1
BRDA:76,1,0,0
BRDA:78,2,0,4
BRDA:78,2,1,4
BRDA:98,3,0,0
BRDA:98,4,0,2
BRDA:98,4,1,2
BRDA:101,5,0,1
BRDA:101,5,1,1
BRF:10
BRH:7
end_of_record
TN:
SF:utils/copyText.ts
FN:20,(anonymous_0)
FN:10,(anonymous_1)
FNF:2
FNH:2
FNDA:1,(anonymous_0)
FNDA:1,(anonymous_1)
DA:1,2
DA:3,2
DA:10,2
DA:11,1
DA:12,1
DA:13,1
DA:14,1
DA:16,0
DA:20,1
LF:9
LH:8
BRF:0
BRH:0
end_of_record
TN:
SF:utils/index.ts
FN:25,(anonymous_1)
FN:26,(anonymous_2)
FN:27,(anonymous_3)
FN:28,(anonymous_4)
FN:29,(anonymous_5)
FN:1,(anonymous_6)
FN:3,(anonymous_7)
FN:8,(anonymous_8)
FN:12,(anonymous_9)
FN:16,(anonymous_10)
FN:20,(anonymous_11)
FNF:11
FNH:11
FNDA:1,(anonymous_1)
FNDA:2,(anonymous_2)
FNDA:2,(anonymous_3)
FNDA:2,(anonymous_4)
FNDA:2,(anonymous_5)
FNDA:1,(anonymous_6)
FNDA:6,(anonymous_7)
FNDA:2,(anonymous_8)
FNDA:2,(anonymous_9)
FNDA:2,(anonymous_10)
FNDA:2,(anonymous_11)
DA:1,5
DA:2,1
DA:3,1
DA:4,6
DA:8,5
DA:9,2
DA:12,5
DA:13,2
DA:16,5
DA:17,2
DA:20,5
DA:21,2
DA:25,1
DA:26,2
DA:27,2
DA:28,2
DA:29,2
LF:17
LH:17
BRDA:4,0,0,1
BRDA:4,0,1,5
BRDA:17,1,0,2
BRDA:17,1,1,2
BRF:4
BRH:4
end_of_record
TN:
SF:utils/validators.ts
FN:18,(anonymous_1)
FN:18,(anonymous_2)
FN:1,(anonymous_3)
FN:8,(anonymous_4)
FNF:4
FNH:4
FNDA:2,(anonymous_1)
FNDA:2,(anonymous_2)
FNDA:2,(anonymous_3)
FNDA:2,(anonymous_4)
DA:1,5
DA:2,2
DA:3,1
DA:5,1
DA:8,5
DA:9,2
DA:13,1
DA:15,1
DA:18,2
LF:9
LH:9
BRDA:2,0,0,1
BRDA:2,1,0,2
BRDA:2,1,1,2
BRDA:9,2,0,1
BRDA:10,3,0,2
BRDA:10,3,1,2
BRF:6
BRH:6
end_of_record
